SLURM Environment Variables:
Job ID = 814037
Job Name = Vector_Sum
Job Node List = k06n39s02
Number of Nodes = 1
Tasks per node = 1
CPUs per task = 
/scratch/jobid = /scratch/814037
Submit Host = f07n05
Submit Directory = /ifs/user/rgudipat/cuda


Vector a is :

 1.000000 2.000000 3.000000 4.000000 5.000000 
 6.000000 7.000000 8.000000 9.000000 10.000000 
 11.000000 12.000000 13.000000 14.000000 15.000000 
 16.000000 17.000000 18.000000 19.000000 20.000000 
 21.000000 22.000000 23.000000 24.000000 25.000000 
Vector c = a+b:

1.000000  2.000000 3.000000 4.000000 5.000000 
6.000000  -0.833333 -1.666667 -2.500000 -3.333333 
11.000000  -0.909091 -3.333333 -5.000000 -6.666667 
16.000000  -0.937500 -3.437500 -22.343750 -29.791668 
21.000000  -0.952381 -3.492064 -22.698414 -706.488159 
1.000000 2.000000 3.000000 4.000000 5.000000 
6.000000 -0.833333 -1.666667 -2.500000 -3.333333 
11.000000 -0.909091 -3.333333 -5.000000 -6.666667 
16.000000 -0.937500 -3.437500 -22.343750 -29.791668 
21.000000 -0.952381 -3.492064 -22.698414 -706.488159 
All Done!
